2014-07-03 15:10:52,912 ERROR Z91M68L2BIK7T Zone Not Found
2014-07-03 15:11:29,799 ERROR Z91M68L2BIK7T Zone Not Found
2014-07-03 15:12:48,299 ERROR Z91M68L2BIK7T Zone Not Found
2014-07-03 15:13:20,037 ERROR Z91M68L2BIK7T Zone Not Found
2014-07-03 15:14:08,555 ERROR Z91M68L2BIK7T Zone Not Found
2014-07-03 15:15:14,206 ERROR Z2DN2J09WG64VU Zone Not Found
2014-07-03 15:55:44,050 ERROR Z2DN2J09WG64VU Zone Not Found
2014-07-03 15:55:47,982 ERROR Z2DN2J09WG64VU Zone Not Found
2014-07-03 15:55:49,075 ERROR Z2DN2J09WG64VU Zone Not Found
2014-07-03 15:55:49,834 ERROR Z2DN2J09WG64VU Zone Not Found
2014-07-03 15:55:50,468 ERROR Z2DN2J09WG64VU Zone Not Found
2014-07-03 15:57:21,740 ERROR Z2DN2J09WG64VU Zone Not Found
2014-07-03 15:57:25,379 ERROR Z2DN2J09WG64VU Zone Not Found
2014-07-03 15:58:52,248 ERROR Z2DN2J09WG64VU Zone Not Found
2014-07-03 17:01:07,544 ERROR Z2DN2J09WG64VU Zone Not Found
2014-07-07 10:23:35,285 ERROR Z2DN2J09WG64VU Zone Not Found
2014-07-08 08:49:08,632 ERROR Z2DN2J09WG64VU Zone Not Found
2014-07-08 09:04:51,775 ERROR /hostedzone/Z91M68L2BIK7T Zone Not Found
2014-07-08 09:06:36,293 ERROR /hostedzone/Z91M68L2BIK7T Zone Not Found
2014-07-08 09:12:54,631 ERROR Z91M68L2BIK7T Zone Not Found
2014-07-08 09:17:28,143 ERROR Z91M68L2BIK7T Zone Not Found
2014-07-08 09:17:53,921 ERROR Z91M68L2BIK7T Zone Not Found
2014-07-08 09:19:05,899 ERROR Z16PVYRIDZF44F Zone Not Found
2014-07-08 09:19:42,040 ERROR Z16PVYRIDZF44F Zone Not Found
2014-07-08 09:20:06,725 ERROR testing.com Zone Not Found
2014-07-08 09:21:07,662 ERROR testing.com Zone Not Found
2014-07-08 09:21:52,159 ERROR testing.com. Zone Not Found
2014-07-08 09:24:09,245 ERROR Z2FY77RW0IDYIU Zone Not Found
2014-07-08 09:25:34,703 ERROR /hostedzone/Z2FY77RW0IDYIU Zone Not Found
2014-07-08 09:25:57,167 ERROR hostedzone/Z2FY77RW0IDYIU Zone Not Found
2014-07-08 09:34:42,439 ERROR hostedzone/Z2FY77RW0IDYIU Zone Not Found
